<?xml version="1.0" encoding="UTF-8"?>
<!-- Generated by org.testng.reporters.JUnitReportReporter -->
<testsuite hostname="ZSCHN01LP0032" failures="0" tests="3" name="testScripts.PlaceOrderTest" time="2.303" errors="0" timestamp="2024-02-08T23:13:02 IST" skipped="0">
  <testcase classname="testScripts.PlaceOrderTest" name="addToCartTest" time="1.566"/>
  <testcase classname="testScripts.PlaceOrderTest" name="checkoutTest" time="0.112"/>
  <testcase classname="testScripts.PlaceOrderTest" name="orderConfirmTest" time="0.625"/>
</testsuite> <!-- testScripts.PlaceOrderTest -->
