<?xml version="1.0" encoding="UTF-8"?>
<!-- Generated by org.testng.reporters.JUnitReportReporter -->
<testsuite hostname="ZSCHN01LP0032" failures="0" tests="4" name="testScripts.Article_Test" time="2.898" errors="0" timestamp="2024-02-12T13:55:50 IST" skipped="0">
  <testcase classname="testScripts.Article_Test" name="loginTest" time="0.367"/>
  <system-out/>
  <testcase classname="testScripts.Article_Test" name="newArticle" time="1.408"/>
  <system-out/>
  <testcase classname="testScripts.Article_Test" name="update_Article" time="1.003"/>
  <system-out/>
  <testcase classname="testScripts.Article_Test" name="delete_Article" time="0.120"/>
  <system-out/>
</testsuite> <!-- testScripts.Article_Test -->
